{"/Volumes/personal/www/demo/vue-mentions/packages/core/src/config/index.ts": {"path":"/Volumes/personal/www/demo/vue-mentions/packages/core/src/config/index.ts","all":false,"statementMap":{"0":{"start":{"line":1,"column":0},"end":{"line":1,"column":65}},"1":{"start":{"line":2,"column":0},"end":{"line":2,"column":49}},"2":{"start":{"line":3,"column":0},"end":{"line":3,"column":46}},"3":{"start":{"line":4,"column":0},"end":{"line":4,"column":0}},"4":{"start":{"line":5,"column":0},"end":{"line":5,"column":35}},"5":{"start":{"line":6,"column":0},"end":{"line":6,"column":0}},"6":{"start":{"line":7,"column":0},"end":{"line":7,"column":57}},"7":{"start":{"line":8,"column":0},"end":{"line":8,"column":16}},"8":{"start":{"line":9,"column":0},"end":{"line":9,"column":12}},"9":{"start":{"line":10,"column":0},"end":{"line":10,"column":19}},"10":{"start":{"line":11,"column":0},"end":{"line":11,"column":18}},"11":{"start":{"line":12,"column":0},"end":{"line":12,"column":18}},"12":{"start":{"line":13,"column":0},"end":{"line":13,"column":14}},"13":{"start":{"line":14,"column":0},"end":{"line":14,"column":14}},"14":{"start":{"line":15,"column":0},"end":{"line":15,"column":15}},"15":{"start":{"line":16,"column":0},"end":{"line":16,"column":25}},"16":{"start":{"line":17,"column":0},"end":{"line":17,"column":23}},"17":{"start":{"line":18,"column":0},"end":{"line":18,"column":18}},"18":{"start":{"line":19,"column":0},"end":{"line":19,"column":14}},"19":{"start":{"line":20,"column":0},"end":{"line":20,"column":25}},"20":{"start":{"line":21,"column":0},"end":{"line":21,"column":23}},"21":{"start":{"line":22,"column":0},"end":{"line":22,"column":24}},"22":{"start":{"line":23,"column":0},"end":{"line":23,"column":19}},"23":{"start":{"line":24,"column":0},"end":{"line":24,"column":138}},"24":{"start":{"line":25,"column":0},"end":{"line":25,"column":25}},"25":{"start":{"line":26,"column":0},"end":{"line":26,"column":24}},"26":{"start":{"line":27,"column":0},"end":{"line":27,"column":1}},"27":{"start":{"line":28,"column":0},"end":{"line":28,"column":0}},"28":{"start":{"line":29,"column":0},"end":{"line":29,"column":35}},"29":{"start":{"line":30,"column":0},"end":{"line":30,"column":15}},"30":{"start":{"line":31,"column":0},"end":{"line":31,"column":16}},"31":{"start":{"line":32,"column":0},"end":{"line":32,"column":9}},"32":{"start":{"line":33,"column":0},"end":{"line":33,"column":12}},"33":{"start":{"line":34,"column":0},"end":{"line":34,"column":14}},"34":{"start":{"line":35,"column":0},"end":{"line":35,"column":15}},"35":{"start":{"line":36,"column":0},"end":{"line":36,"column":25}},"36":{"start":{"line":37,"column":0},"end":{"line":37,"column":29}},"37":{"start":{"line":38,"column":0},"end":{"line":38,"column":22}},"38":{"start":{"line":39,"column":0},"end":{"line":39,"column":26}},"39":{"start":{"line":40,"column":0},"end":{"line":40,"column":28}},"40":{"start":{"line":41,"column":0},"end":{"line":41,"column":28}},"41":{"start":{"line":42,"column":0},"end":{"line":42,"column":28}},"42":{"start":{"line":43,"column":0},"end":{"line":43,"column":24}},"43":{"start":{"line":44,"column":0},"end":{"line":44,"column":32}},"44":{"start":{"line":45,"column":0},"end":{"line":45,"column":20}},"45":{"start":{"line":46,"column":0},"end":{"line":46,"column":27}},"46":{"start":{"line":47,"column":0},"end":{"line":47,"column":34}},"47":{"start":{"line":48,"column":0},"end":{"line":48,"column":36}},"48":{"start":{"line":49,"column":0},"end":{"line":49,"column":21}},"49":{"start":{"line":50,"column":0},"end":{"line":50,"column":21}},"50":{"start":{"line":51,"column":0},"end":{"line":51,"column":23}},"51":{"start":{"line":52,"column":0},"end":{"line":52,"column":28}},"52":{"start":{"line":53,"column":0},"end":{"line":53,"column":14}},"53":{"start":{"line":54,"column":0},"end":{"line":54,"column":15}},"54":{"start":{"line":55,"column":0},"end":{"line":55,"column":14}},"55":{"start":{"line":56,"column":0},"end":{"line":56,"column":12}},"56":{"start":{"line":57,"column":0},"end":{"line":57,"column":0}},"57":{"start":{"line":58,"column":0},"end":{"line":58,"column":44}},"58":{"start":{"line":59,"column":0},"end":{"line":59,"column":12}},"59":{"start":{"line":60,"column":0},"end":{"line":60,"column":13}},"60":{"start":{"line":61,"column":0},"end":{"line":61,"column":65}},"61":{"start":{"line":62,"column":0},"end":{"line":62,"column":5}},"62":{"start":{"line":63,"column":0},"end":{"line":63,"column":38}},"63":{"start":{"line":64,"column":0},"end":{"line":64,"column":4}},"64":{"start":{"line":65,"column":0},"end":{"line":65,"column":0}},"65":{"start":{"line":66,"column":0},"end":{"line":66,"column":71}},"66":{"start":{"line":67,"column":0},"end":{"line":67,"column":84}},"67":{"start":{"line":68,"column":0},"end":{"line":68,"column":33}},"68":{"start":{"line":69,"column":0},"end":{"line":69,"column":15}},"69":{"start":{"line":70,"column":0},"end":{"line":70,"column":26}},"70":{"start":{"line":71,"column":0},"end":{"line":71,"column":20}},"71":{"start":{"line":72,"column":0},"end":{"line":72,"column":20}},"72":{"start":{"line":73,"column":0},"end":{"line":73,"column":22}},"73":{"start":{"line":74,"column":0},"end":{"line":74,"column":24}},"74":{"start":{"line":75,"column":0},"end":{"line":75,"column":25}},"75":{"start":{"line":76,"column":0},"end":{"line":76,"column":19}},"76":{"start":{"line":77,"column":0},"end":{"line":77,"column":19}},"77":{"start":{"line":78,"column":0},"end":{"line":78,"column":20}},"78":{"start":{"line":79,"column":0},"end":{"line":79,"column":31}},"79":{"start":{"line":80,"column":0},"end":{"line":80,"column":20}},"80":{"start":{"line":81,"column":0},"end":{"line":81,"column":26}},"81":{"start":{"line":82,"column":0},"end":{"line":82,"column":14}},"82":{"start":{"line":83,"column":0},"end":{"line":83,"column":1}},"83":{"start":{"line":84,"column":0},"end":{"line":84,"column":0}},"84":{"start":{"line":85,"column":0},"end":{"line":85,"column":58}},"85":{"start":{"line":86,"column":0},"end":{"line":86,"column":0}},"86":{"start":{"line":87,"column":0},"end":{"line":87,"column":143}},"87":{"start":{"line":88,"column":0},"end":{"line":88,"column":0}},"88":{"start":{"line":89,"column":0},"end":{"line":89,"column":52}}},"s":{"0":1,"1":1,"2":1,"3":1,"4":1,"5":1,"6":1,"7":1,"8":1,"9":1,"10":1,"11":1,"12":1,"13":1,"14":1,"15":1,"16":1,"17":1,"18":1,"19":1,"20":1,"21":1,"22":1,"23":1,"24":1,"25":1,"26":1,"27":1,"28":1,"29":1,"30":1,"31":1,"32":1,"33":1,"34":1,"35":1,"36":1,"37":1,"38":1,"39":1,"40":1,"41":1,"42":1,"43":1,"44":1,"45":1,"46":1,"47":1,"48":1,"49":1,"50":1,"51":1,"52":1,"53":1,"54":1,"55":1,"56":1,"57":1,"58":25,"59":25,"60":25,"61":25,"62":1,"63":1,"64":1,"65":1,"66":1,"67":1,"68":1,"69":1,"70":1,"71":1,"72":1,"73":1,"74":1,"75":1,"76":1,"77":1,"78":1,"79":1,"80":1,"81":1,"82":1,"83":1,"84":1,"85":1,"86":1,"87":1,"88":1},"branchMap":{"0":{"type":"branch","line":29,"loc":{"start":{"line":29,"column":28},"end":{"line":64,"column":3}},"locations":[{"start":{"line":29,"column":28},"end":{"line":64,"column":3}}]},"1":{"type":"branch","line":58,"loc":{"start":{"line":58,"column":20},"end":{"line":63,"column":5}},"locations":[{"start":{"line":58,"column":20},"end":{"line":63,"column":5}}]}},"b":{"0":[1],"1":[25]},"fnMap":{"0":{"name":"filterOption","decl":{"start":{"line":24,"column":16},"end":{"line":24,"column":138}},"loc":{"start":{"line":24,"column":16},"end":{"line":24,"column":138}},"line":24}},"f":{"0":0}}
,"/Volumes/personal/www/demo/vue-mentions/packages/core/src/libs/EventEmitter.ts": {"path":"/Volumes/personal/www/demo/vue-mentions/packages/core/src/libs/EventEmitter.ts","all":false,"statementMap":{"0":{"start":{"line":1,"column":0},"end":{"line":1,"column":3}},"1":{"start":{"line":2,"column":0},"end":{"line":2,"column":15}},"2":{"start":{"line":3,"column":0},"end":{"line":3,"column":3}},"3":{"start":{"line":4,"column":0},"end":{"line":4,"column":0}},"4":{"start":{"line":5,"column":0},"end":{"line":5,"column":32}},"5":{"start":{"line":6,"column":0},"end":{"line":6,"column":64}},"6":{"start":{"line":7,"column":0},"end":{"line":7,"column":24}},"7":{"start":{"line":8,"column":0},"end":{"line":8,"column":21}},"8":{"start":{"line":9,"column":0},"end":{"line":9,"column":1}},"9":{"start":{"line":10,"column":0},"end":{"line":10,"column":0}},"10":{"start":{"line":11,"column":0},"end":{"line":11,"column":60}},"11":{"start":{"line":12,"column":0},"end":{"line":12,"column":0}},"12":{"start":{"line":13,"column":0},"end":{"line":13,"column":20}},"13":{"start":{"line":14,"column":0},"end":{"line":14,"column":32}},"14":{"start":{"line":15,"column":0},"end":{"line":15,"column":0}},"15":{"start":{"line":16,"column":0},"end":{"line":16,"column":45}},"16":{"start":{"line":17,"column":0},"end":{"line":17,"column":31}},"17":{"start":{"line":18,"column":0},"end":{"line":18,"column":0}},"18":{"start":{"line":19,"column":0},"end":{"line":19,"column":18}},"19":{"start":{"line":20,"column":0},"end":{"line":20,"column":38}},"20":{"start":{"line":21,"column":0},"end":{"line":21,"column":3}},"21":{"start":{"line":22,"column":0},"end":{"line":22,"column":0}},"22":{"start":{"line":23,"column":0},"end":{"line":23,"column":17}},"23":{"start":{"line":24,"column":0},"end":{"line":24,"column":23}},"24":{"start":{"line":25,"column":0},"end":{"line":25,"column":3}},"25":{"start":{"line":26,"column":0},"end":{"line":26,"column":0}},"26":{"start":{"line":27,"column":0},"end":{"line":27,"column":21}},"27":{"start":{"line":28,"column":0},"end":{"line":28,"column":36}},"28":{"start":{"line":29,"column":0},"end":{"line":29,"column":3}},"29":{"start":{"line":30,"column":0},"end":{"line":30,"column":0}},"30":{"start":{"line":31,"column":0},"end":{"line":31,"column":5}},"31":{"start":{"line":32,"column":0},"end":{"line":32,"column":12}},"32":{"start":{"line":33,"column":0},"end":{"line":33,"column":5}},"33":{"start":{"line":34,"column":0},"end":{"line":34,"column":22}},"34":{"start":{"line":35,"column":0},"end":{"line":35,"column":29}},"35":{"start":{"line":36,"column":0},"end":{"line":36,"column":26}},"36":{"start":{"line":37,"column":0},"end":{"line":37,"column":39}},"37":{"start":{"line":38,"column":0},"end":{"line":38,"column":3}},"38":{"start":{"line":39,"column":0},"end":{"line":39,"column":0}},"39":{"start":{"line":40,"column":0},"end":{"line":40,"column":5}},"40":{"start":{"line":41,"column":0},"end":{"line":41,"column":12}},"41":{"start":{"line":42,"column":0},"end":{"line":42,"column":32}},"42":{"start":{"line":43,"column":0},"end":{"line":43,"column":5}},"43":{"start":{"line":44,"column":0},"end":{"line":44,"column":33}},"44":{"start":{"line":45,"column":0},"end":{"line":45,"column":28}},"45":{"start":{"line":46,"column":0},"end":{"line":46,"column":3}},"46":{"start":{"line":47,"column":0},"end":{"line":47,"column":0}},"47":{"start":{"line":48,"column":0},"end":{"line":48,"column":5}},"48":{"start":{"line":49,"column":0},"end":{"line":49,"column":9}},"49":{"start":{"line":50,"column":0},"end":{"line":50,"column":36}},"50":{"start":{"line":51,"column":0},"end":{"line":51,"column":39}},"51":{"start":{"line":52,"column":0},"end":{"line":52,"column":5}},"52":{"start":{"line":53,"column":0},"end":{"line":53,"column":40}},"53":{"start":{"line":54,"column":0},"end":{"line":54,"column":29}},"54":{"start":{"line":55,"column":0},"end":{"line":55,"column":26}},"55":{"start":{"line":56,"column":0},"end":{"line":56,"column":58}},"56":{"start":{"line":57,"column":0},"end":{"line":57,"column":42}},"57":{"start":{"line":58,"column":0},"end":{"line":58,"column":14}},"58":{"start":{"line":59,"column":0},"end":{"line":59,"column":35}},"59":{"start":{"line":60,"column":0},"end":{"line":60,"column":7}},"60":{"start":{"line":61,"column":0},"end":{"line":61,"column":12}},"61":{"start":{"line":62,"column":0},"end":{"line":62,"column":31}},"62":{"start":{"line":63,"column":0},"end":{"line":63,"column":5}},"63":{"start":{"line":64,"column":0},"end":{"line":64,"column":3}},"64":{"start":{"line":65,"column":0},"end":{"line":65,"column":0}},"65":{"start":{"line":66,"column":0},"end":{"line":66,"column":5}},"66":{"start":{"line":67,"column":0},"end":{"line":67,"column":12}},"67":{"start":{"line":68,"column":0},"end":{"line":68,"column":36}},"68":{"start":{"line":69,"column":0},"end":{"line":69,"column":39}},"69":{"start":{"line":70,"column":0},"end":{"line":70,"column":5}},"70":{"start":{"line":71,"column":0},"end":{"line":71,"column":42}},"71":{"start":{"line":72,"column":0},"end":{"line":72,"column":48}},"72":{"start":{"line":73,"column":0},"end":{"line":73,"column":17}},"73":{"start":{"line":74,"column":0},"end":{"line":74,"column":26}},"74":{"start":{"line":75,"column":0},"end":{"line":75,"column":26}},"75":{"start":{"line":76,"column":0},"end":{"line":76,"column":5}},"76":{"start":{"line":77,"column":0},"end":{"line":77,"column":0}},"77":{"start":{"line":78,"column":0},"end":{"line":78,"column":12}},"78":{"start":{"line":79,"column":0},"end":{"line":79,"column":20}},"79":{"start":{"line":80,"column":0},"end":{"line":80,"column":23}},"80":{"start":{"line":81,"column":0},"end":{"line":81,"column":3}},"81":{"start":{"line":82,"column":0},"end":{"line":82,"column":0}},"82":{"start":{"line":83,"column":0},"end":{"line":83,"column":5}},"83":{"start":{"line":84,"column":0},"end":{"line":84,"column":9}},"84":{"start":{"line":85,"column":0},"end":{"line":85,"column":34}},"85":{"start":{"line":86,"column":0},"end":{"line":86,"column":36}},"86":{"start":{"line":87,"column":0},"end":{"line":87,"column":5}},"87":{"start":{"line":88,"column":0},"end":{"line":88,"column":43}},"88":{"start":{"line":89,"column":0},"end":{"line":89,"column":29}},"89":{"start":{"line":90,"column":0},"end":{"line":90,"column":48}},"90":{"start":{"line":91,"column":0},"end":{"line":91,"column":36}},"91":{"start":{"line":92,"column":0},"end":{"line":92,"column":8}},"92":{"start":{"line":93,"column":0},"end":{"line":93,"column":5}},"93":{"start":{"line":94,"column":0},"end":{"line":94,"column":3}},"94":{"start":{"line":95,"column":0},"end":{"line":95,"column":0}},"95":{"start":{"line":96,"column":0},"end":{"line":96,"column":5}},"96":{"start":{"line":97,"column":0},"end":{"line":97,"column":11}},"97":{"start":{"line":98,"column":0},"end":{"line":98,"column":36}},"98":{"start":{"line":99,"column":0},"end":{"line":99,"column":39}},"99":{"start":{"line":100,"column":0},"end":{"line":100,"column":5}},"100":{"start":{"line":101,"column":0},"end":{"line":101,"column":47}},"101":{"start":{"line":102,"column":0},"end":{"line":102,"column":29}},"102":{"start":{"line":103,"column":0},"end":{"line":103,"column":17}},"103":{"start":{"line":104,"column":0},"end":{"line":104,"column":68}},"104":{"start":{"line":105,"column":0},"end":{"line":105,"column":56}},"105":{"start":{"line":106,"column":0},"end":{"line":106,"column":8}},"106":{"start":{"line":107,"column":0},"end":{"line":107,"column":5}},"107":{"start":{"line":108,"column":0},"end":{"line":108,"column":3}},"108":{"start":{"line":109,"column":0},"end":{"line":109,"column":0}},"109":{"start":{"line":110,"column":0},"end":{"line":110,"column":5}},"110":{"start":{"line":111,"column":0},"end":{"line":111,"column":11}},"111":{"start":{"line":112,"column":0},"end":{"line":112,"column":5}},"112":{"start":{"line":113,"column":0},"end":{"line":113,"column":18}},"113":{"start":{"line":114,"column":0},"end":{"line":114,"column":38}},"114":{"start":{"line":115,"column":0},"end":{"line":115,"column":3}},"115":{"start":{"line":116,"column":0},"end":{"line":116,"column":1}},"116":{"start":{"line":117,"column":0},"end":{"line":117,"column":0}},"117":{"start":{"line":118,"column":0},"end":{"line":118,"column":27}}},"s":{"0":1,"1":1,"2":1,"3":1,"4":1,"5":1,"6":1,"7":1,"8":1,"9":1,"10":1,"11":1,"12":1,"13":1,"14":1,"15":1,"16":1,"17":1,"18":1,"19":1,"20":1,"21":1,"22":1,"23":1,"24":1,"25":1,"26":1,"27":1,"28":1,"29":1,"30":1,"31":1,"32":1,"33":1,"34":4,"35":1,"36":3,"37":4,"38":1,"39":1,"40":1,"41":1,"42":1,"43":1,"44":1,"45":1,"46":1,"47":1,"48":1,"49":1,"50":1,"51":1,"52":1,"53":8,"54":4,"55":4,"56":1,"57":4,"58":3,"59":3,"60":4,"61":4,"62":4,"63":8,"64":1,"65":1,"66":1,"67":1,"68":1,"69":1,"70":1,"71":1,"72":0,"73":0,"74":0,"75":0,"76":1,"77":1,"78":1,"79":1,"80":1,"81":1,"82":1,"83":1,"84":1,"85":1,"86":1,"87":1,"88":1,"89":1,"90":2,"91":1,"92":1,"93":1,"94":1,"95":1,"96":1,"97":1,"98":1,"99":1,"100":1,"101":1,"102":1,"103":1,"104":4,"105":1,"106":1,"107":1,"108":1,"109":1,"110":1,"111":1,"112":1,"113":2,"114":2,"115":1,"116":1,"117":1},"branchMap":{"0":{"type":"branch","line":14,"loc":{"start":{"line":14,"column":2},"end":{"line":14,"column":32}},"locations":[{"start":{"line":14,"column":2},"end":{"line":14,"column":32}}]},"1":{"type":"branch","line":16,"loc":{"start":{"line":16,"column":12},"end":{"line":17,"column":31}},"locations":[{"start":{"line":16,"column":12},"end":{"line":17,"column":31}}]},"2":{"type":"branch","line":19,"loc":{"start":{"line":19,"column":2},"end":{"line":21,"column":3}},"locations":[{"start":{"line":19,"column":2},"end":{"line":21,"column":3}}]},"3":{"type":"branch","line":23,"loc":{"start":{"line":23,"column":2},"end":{"line":25,"column":3}},"locations":[{"start":{"line":23,"column":2},"end":{"line":25,"column":3}}]},"4":{"type":"branch","line":27,"loc":{"start":{"line":27,"column":2},"end":{"line":29,"column":3}},"locations":[{"start":{"line":27,"column":2},"end":{"line":29,"column":3}}]},"5":{"type":"branch","line":34,"loc":{"start":{"line":34,"column":2},"end":{"line":38,"column":3}},"locations":[{"start":{"line":34,"column":2},"end":{"line":38,"column":3}}]},"6":{"type":"branch","line":35,"loc":{"start":{"line":35,"column":16},"end":{"line":36,"column":26}},"locations":[{"start":{"line":35,"column":16},"end":{"line":36,"column":26}}]},"7":{"type":"branch","line":36,"loc":{"start":{"line":36,"column":13},"end":{"line":37,"column":39}},"locations":[{"start":{"line":36,"column":13},"end":{"line":37,"column":39}}]},"8":{"type":"branch","line":44,"loc":{"start":{"line":44,"column":2},"end":{"line":46,"column":3}},"locations":[{"start":{"line":44,"column":2},"end":{"line":46,"column":3}}]},"9":{"type":"branch","line":53,"loc":{"start":{"line":53,"column":2},"end":{"line":64,"column":3}},"locations":[{"start":{"line":53,"column":2},"end":{"line":64,"column":3}}]},"10":{"type":"branch","line":54,"loc":{"start":{"line":54,"column":28},"end":{"line":63,"column":5}},"locations":[{"start":{"line":54,"column":28},"end":{"line":63,"column":5}}]},"11":{"type":"branch","line":56,"loc":{"start":{"line":56,"column":57},"end":{"line":58,"column":13}},"locations":[{"start":{"line":56,"column":57},"end":{"line":58,"column":13}}]},"12":{"type":"branch","line":58,"loc":{"start":{"line":58,"column":6},"end":{"line":60,"column":7}},"locations":[{"start":{"line":58,"column":6},"end":{"line":60,"column":7}}]},"13":{"type":"branch","line":71,"loc":{"start":{"line":71,"column":2},"end":{"line":81,"column":3}},"locations":[{"start":{"line":71,"column":2},"end":{"line":81,"column":3}}]},"14":{"type":"branch","line":88,"loc":{"start":{"line":88,"column":2},"end":{"line":94,"column":3}},"locations":[{"start":{"line":88,"column":2},"end":{"line":94,"column":3}}]},"15":{"type":"branch","line":90,"loc":{"start":{"line":90,"column":33},"end":{"line":92,"column":7}},"locations":[{"start":{"line":90,"column":33},"end":{"line":92,"column":7}}]},"16":{"type":"branch","line":101,"loc":{"start":{"line":101,"column":2},"end":{"line":108,"column":3}},"locations":[{"start":{"line":101,"column":2},"end":{"line":108,"column":3}}]},"17":{"type":"branch","line":104,"loc":{"start":{"line":104,"column":53},"end":{"line":106,"column":7}},"locations":[{"start":{"line":104,"column":53},"end":{"line":106,"column":7}}]},"18":{"type":"branch","line":105,"loc":{"start":{"line":105,"column":22},"end":{"line":105,"column":56}},"locations":[{"start":{"line":105,"column":22},"end":{"line":105,"column":56}}]},"19":{"type":"branch","line":113,"loc":{"start":{"line":113,"column":2},"end":{"line":115,"column":3}},"locations":[{"start":{"line":113,"column":2},"end":{"line":115,"column":3}}]}},"b":{"0":[1],"1":[1],"2":[1],"3":[1],"4":[1],"5":[4],"6":[1],"7":[3],"8":[1],"9":[8],"10":[4],"11":[1],"12":[3],"13":[1],"14":[1],"15":[2],"16":[1],"17":[4],"18":[3],"19":[2]},"fnMap":{"0":{"name":"<static_initializer>","decl":{"start":{"line":14,"column":2},"end":{"line":14,"column":32}},"loc":{"start":{"line":14,"column":2},"end":{"line":14,"column":32}},"line":14},"1":{"name":"<instance_members_initializer>","decl":{"start":{"line":16,"column":12},"end":{"line":17,"column":31}},"loc":{"start":{"line":16,"column":12},"end":{"line":17,"column":31}},"line":16},"2":{"name":"EventEmitter","decl":{"start":{"line":19,"column":2},"end":{"line":21,"column":3}},"loc":{"start":{"line":19,"column":2},"end":{"line":21,"column":3}},"line":19},"3":{"name":"get events","decl":{"start":{"line":23,"column":2},"end":{"line":25,"column":3}},"loc":{"start":{"line":23,"column":2},"end":{"line":25,"column":3}},"line":23},"4":{"name":"get eventNames","decl":{"start":{"line":27,"column":2},"end":{"line":29,"column":3}},"loc":{"start":{"line":27,"column":2},"end":{"line":29,"column":3}},"line":27},"5":{"name":"get maxListener","decl":{"start":{"line":34,"column":2},"end":{"line":38,"column":3}},"loc":{"start":{"line":34,"column":2},"end":{"line":38,"column":3}},"line":34},"6":{"name":"set maxListener","decl":{"start":{"line":44,"column":2},"end":{"line":46,"column":3}},"loc":{"start":{"line":44,"column":2},"end":{"line":46,"column":3}},"line":44},"7":{"name":"on","decl":{"start":{"line":53,"column":2},"end":{"line":64,"column":3}},"loc":{"start":{"line":53,"column":2},"end":{"line":64,"column":3}},"line":53},"8":{"name":"once","decl":{"start":{"line":71,"column":2},"end":{"line":81,"column":3}},"loc":{"start":{"line":71,"column":2},"end":{"line":81,"column":3}},"line":71},"9":{"name":"wrap","decl":{"start":{"line":72,"column":17},"end":{"line":76,"column":5}},"loc":{"start":{"line":72,"column":17},"end":{"line":76,"column":5}},"line":72},"10":{"name":"emit","decl":{"start":{"line":88,"column":2},"end":{"line":94,"column":3}},"loc":{"start":{"line":88,"column":2},"end":{"line":94,"column":3}},"line":88},"11":{"name":"off","decl":{"start":{"line":101,"column":2},"end":{"line":108,"column":3}},"loc":{"start":{"line":101,"column":2},"end":{"line":108,"column":3}},"line":101},"12":{"name":"clear","decl":{"start":{"line":113,"column":2},"end":{"line":115,"column":3}},"loc":{"start":{"line":113,"column":2},"end":{"line":115,"column":3}},"line":113}},"f":{"0":1,"1":1,"2":1,"3":1,"4":1,"5":4,"6":1,"7":8,"8":1,"9":0,"10":1,"11":1,"12":2}}
,"/Volumes/personal/www/demo/vue-mentions/packages/core/src/utils/index.ts": {"path":"/Volumes/personal/www/demo/vue-mentions/packages/core/src/utils/index.ts","all":false,"statementMap":{"0":{"start":{"line":1,"column":0},"end":{"line":1,"column":65}},"1":{"start":{"line":2,"column":0},"end":{"line":2,"column":85}},"2":{"start":{"line":3,"column":0},"end":{"line":3,"column":49}},"3":{"start":{"line":4,"column":0},"end":{"line":4,"column":42}},"4":{"start":{"line":5,"column":0},"end":{"line":5,"column":0}},"5":{"start":{"line":6,"column":0},"end":{"line":6,"column":85}},"6":{"start":{"line":7,"column":0},"end":{"line":7,"column":10}},"7":{"start":{"line":8,"column":0},"end":{"line":8,"column":22}},"8":{"start":{"line":9,"column":0},"end":{"line":9,"column":15}},"9":{"start":{"line":10,"column":0},"end":{"line":10,"column":55}},"10":{"start":{"line":11,"column":0},"end":{"line":11,"column":29}},"11":{"start":{"line":12,"column":0},"end":{"line":12,"column":1}},"12":{"start":{"line":13,"column":0},"end":{"line":13,"column":0}},"13":{"start":{"line":14,"column":0},"end":{"line":14,"column":65}},"14":{"start":{"line":15,"column":0},"end":{"line":15,"column":6}},"15":{"start":{"line":16,"column":0},"end":{"line":16,"column":39}},"16":{"start":{"line":17,"column":0},"end":{"line":17,"column":12}},"17":{"start":{"line":18,"column":0},"end":{"line":18,"column":40}},"18":{"start":{"line":19,"column":0},"end":{"line":19,"column":5}},"19":{"start":{"line":20,"column":0},"end":{"line":20,"column":37}},"20":{"start":{"line":21,"column":0},"end":{"line":21,"column":3}},"21":{"start":{"line":22,"column":0},"end":{"line":22,"column":14}},"22":{"start":{"line":23,"column":0},"end":{"line":23,"column":1}},"23":{"start":{"line":24,"column":0},"end":{"line":24,"column":0}},"24":{"start":{"line":25,"column":0},"end":{"line":25,"column":94}},"25":{"start":{"line":26,"column":0},"end":{"line":26,"column":62}},"26":{"start":{"line":27,"column":0},"end":{"line":27,"column":58}},"27":{"start":{"line":28,"column":0},"end":{"line":28,"column":44}},"28":{"start":{"line":29,"column":0},"end":{"line":29,"column":0}},"29":{"start":{"line":30,"column":0},"end":{"line":30,"column":63}},"30":{"start":{"line":31,"column":0},"end":{"line":31,"column":64}},"31":{"start":{"line":32,"column":0},"end":{"line":32,"column":0}},"32":{"start":{"line":33,"column":0},"end":{"line":33,"column":59}},"33":{"start":{"line":34,"column":0},"end":{"line":34,"column":33}},"34":{"start":{"line":35,"column":0},"end":{"line":35,"column":23}},"35":{"start":{"line":36,"column":0},"end":{"line":36,"column":29}},"36":{"start":{"line":37,"column":0},"end":{"line":37,"column":0}},"37":{"start":{"line":38,"column":0},"end":{"line":38,"column":62}},"38":{"start":{"line":39,"column":0},"end":{"line":39,"column":51}},"39":{"start":{"line":40,"column":0},"end":{"line":40,"column":38}},"40":{"start":{"line":41,"column":0},"end":{"line":41,"column":125}},"41":{"start":{"line":42,"column":0},"end":{"line":42,"column":24}},"42":{"start":{"line":43,"column":0},"end":{"line":43,"column":42}},"43":{"start":{"line":44,"column":0},"end":{"line":44,"column":13}},"44":{"start":{"line":45,"column":0},"end":{"line":45,"column":14}},"45":{"start":{"line":46,"column":0},"end":{"line":46,"column":24}},"46":{"start":{"line":47,"column":0},"end":{"line":47,"column":41}},"47":{"start":{"line":48,"column":0},"end":{"line":48,"column":7}},"48":{"start":{"line":49,"column":0},"end":{"line":49,"column":12}},"49":{"start":{"line":50,"column":0},"end":{"line":50,"column":13}},"50":{"start":{"line":51,"column":0},"end":{"line":51,"column":44}},"51":{"start":{"line":52,"column":0},"end":{"line":52,"column":5}},"52":{"start":{"line":53,"column":0},"end":{"line":53,"column":3}},"53":{"start":{"line":54,"column":0},"end":{"line":54,"column":0}},"54":{"start":{"line":55,"column":0},"end":{"line":55,"column":10}},"55":{"start":{"line":56,"column":0},"end":{"line":56,"column":6}},"56":{"start":{"line":57,"column":0},"end":{"line":57,"column":6}},"57":{"start":{"line":58,"column":0},"end":{"line":58,"column":19}},"58":{"start":{"line":59,"column":0},"end":{"line":59,"column":19}},"59":{"start":{"line":60,"column":0},"end":{"line":60,"column":3}},"60":{"start":{"line":61,"column":0},"end":{"line":61,"column":1}},"61":{"start":{"line":62,"column":0},"end":{"line":62,"column":0}},"62":{"start":{"line":63,"column":0},"end":{"line":63,"column":52}},"63":{"start":{"line":64,"column":0},"end":{"line":64,"column":44}},"64":{"start":{"line":65,"column":0},"end":{"line":65,"column":32}},"65":{"start":{"line":66,"column":0},"end":{"line":66,"column":26}},"66":{"start":{"line":67,"column":0},"end":{"line":67,"column":12}},"67":{"start":{"line":68,"column":0},"end":{"line":68,"column":1}},"68":{"start":{"line":69,"column":0},"end":{"line":69,"column":0}},"69":{"start":{"line":70,"column":0},"end":{"line":70,"column":108}},"70":{"start":{"line":71,"column":0},"end":{"line":71,"column":41}},"71":{"start":{"line":72,"column":0},"end":{"line":72,"column":36}},"72":{"start":{"line":73,"column":0},"end":{"line":73,"column":37}},"73":{"start":{"line":74,"column":0},"end":{"line":74,"column":36}},"74":{"start":{"line":75,"column":0},"end":{"line":75,"column":63}},"75":{"start":{"line":76,"column":0},"end":{"line":76,"column":21}},"76":{"start":{"line":77,"column":0},"end":{"line":77,"column":43}},"77":{"start":{"line":78,"column":0},"end":{"line":78,"column":44}},"78":{"start":{"line":79,"column":0},"end":{"line":79,"column":11}},"79":{"start":{"line":80,"column":0},"end":{"line":80,"column":1}},"80":{"start":{"line":81,"column":0},"end":{"line":81,"column":0}},"81":{"start":{"line":82,"column":0},"end":{"line":82,"column":87}},"82":{"start":{"line":83,"column":0},"end":{"line":83,"column":15}},"83":{"start":{"line":84,"column":0},"end":{"line":84,"column":48}},"84":{"start":{"line":85,"column":0},"end":{"line":85,"column":3}},"85":{"start":{"line":86,"column":0},"end":{"line":86,"column":24}},"86":{"start":{"line":87,"column":0},"end":{"line":87,"column":17}},"87":{"start":{"line":88,"column":0},"end":{"line":88,"column":27}},"88":{"start":{"line":89,"column":0},"end":{"line":89,"column":3}},"89":{"start":{"line":90,"column":0},"end":{"line":90,"column":1}},"90":{"start":{"line":91,"column":0},"end":{"line":91,"column":0}},"91":{"start":{"line":92,"column":0},"end":{"line":92,"column":50}},"92":{"start":{"line":93,"column":0},"end":{"line":93,"column":42}},"93":{"start":{"line":94,"column":0},"end":{"line":94,"column":27}},"94":{"start":{"line":95,"column":0},"end":{"line":95,"column":27}},"95":{"start":{"line":96,"column":0},"end":{"line":96,"column":25}},"96":{"start":{"line":97,"column":0},"end":{"line":97,"column":29}},"97":{"start":{"line":98,"column":0},"end":{"line":98,"column":27}},"98":{"start":{"line":99,"column":0},"end":{"line":99,"column":1}},"99":{"start":{"line":100,"column":0},"end":{"line":100,"column":0}},"100":{"start":{"line":101,"column":0},"end":{"line":101,"column":3}},"101":{"start":{"line":102,"column":0},"end":{"line":102,"column":24}},"102":{"start":{"line":103,"column":0},"end":{"line":103,"column":22}},"103":{"start":{"line":104,"column":0},"end":{"line":104,"column":22}},"104":{"start":{"line":105,"column":0},"end":{"line":105,"column":3}},"105":{"start":{"line":106,"column":0},"end":{"line":106,"column":62}},"106":{"start":{"line":107,"column":0},"end":{"line":107,"column":119}},"107":{"start":{"line":108,"column":0},"end":{"line":108,"column":1}},"108":{"start":{"line":109,"column":0},"end":{"line":109,"column":0}},"109":{"start":{"line":110,"column":0},"end":{"line":110,"column":3}},"110":{"start":{"line":111,"column":0},"end":{"line":111,"column":21}},"111":{"start":{"line":112,"column":0},"end":{"line":112,"column":3}},"112":{"start":{"line":113,"column":0},"end":{"line":113,"column":42}},"113":{"start":{"line":114,"column":0},"end":{"line":114,"column":122}},"114":{"start":{"line":115,"column":0},"end":{"line":115,"column":1}},"115":{"start":{"line":116,"column":0},"end":{"line":116,"column":0}},"116":{"start":{"line":117,"column":0},"end":{"line":117,"column":50}},"117":{"start":{"line":118,"column":0},"end":{"line":118,"column":90}},"118":{"start":{"line":119,"column":0},"end":{"line":119,"column":1}},"119":{"start":{"line":120,"column":0},"end":{"line":120,"column":0}},"120":{"start":{"line":121,"column":0},"end":{"line":121,"column":105}},"121":{"start":{"line":122,"column":0},"end":{"line":122,"column":44}},"122":{"start":{"line":123,"column":0},"end":{"line":123,"column":0}},"123":{"start":{"line":124,"column":0},"end":{"line":124,"column":28}},"124":{"start":{"line":125,"column":0},"end":{"line":125,"column":39}},"125":{"start":{"line":126,"column":0},"end":{"line":126,"column":13}},"126":{"start":{"line":127,"column":0},"end":{"line":127,"column":22}},"127":{"start":{"line":128,"column":0},"end":{"line":128,"column":42}},"128":{"start":{"line":129,"column":0},"end":{"line":129,"column":43}},"129":{"start":{"line":130,"column":0},"end":{"line":130,"column":30}},"130":{"start":{"line":131,"column":0},"end":{"line":131,"column":40}},"131":{"start":{"line":132,"column":0},"end":{"line":132,"column":7}},"132":{"start":{"line":133,"column":0},"end":{"line":133,"column":5}},"133":{"start":{"line":134,"column":0},"end":{"line":134,"column":23}},"134":{"start":{"line":135,"column":0},"end":{"line":135,"column":1}},"135":{"start":{"line":136,"column":0},"end":{"line":136,"column":0}},"136":{"start":{"line":137,"column":0},"end":{"line":137,"column":93}},"137":{"start":{"line":138,"column":0},"end":{"line":138,"column":0}},"138":{"start":{"line":139,"column":0},"end":{"line":139,"column":141}},"139":{"start":{"line":140,"column":0},"end":{"line":140,"column":41}},"140":{"start":{"line":141,"column":0},"end":{"line":141,"column":25}},"141":{"start":{"line":142,"column":0},"end":{"line":142,"column":55}},"142":{"start":{"line":143,"column":0},"end":{"line":143,"column":1}},"143":{"start":{"line":144,"column":0},"end":{"line":144,"column":0}},"144":{"start":{"line":145,"column":0},"end":{"line":145,"column":64}},"145":{"start":{"line":146,"column":0},"end":{"line":146,"column":36}},"146":{"start":{"line":147,"column":0},"end":{"line":147,"column":10}},"147":{"start":{"line":148,"column":0},"end":{"line":148,"column":14}},"148":{"start":{"line":149,"column":0},"end":{"line":149,"column":58}},"149":{"start":{"line":150,"column":0},"end":{"line":150,"column":3}},"150":{"start":{"line":151,"column":0},"end":{"line":151,"column":1}},"151":{"start":{"line":152,"column":0},"end":{"line":152,"column":0}},"152":{"start":{"line":153,"column":0},"end":{"line":153,"column":157}},"153":{"start":{"line":154,"column":0},"end":{"line":154,"column":51}},"154":{"start":{"line":155,"column":0},"end":{"line":155,"column":73}},"155":{"start":{"line":156,"column":0},"end":{"line":156,"column":120}},"156":{"start":{"line":157,"column":0},"end":{"line":157,"column":53}},"157":{"start":{"line":158,"column":0},"end":{"line":158,"column":0}},"158":{"start":{"line":159,"column":0},"end":{"line":159,"column":20}},"159":{"start":{"line":160,"column":0},"end":{"line":160,"column":8}},"160":{"start":{"line":161,"column":0},"end":{"line":161,"column":11}},"161":{"start":{"line":162,"column":0},"end":{"line":162,"column":74}},"162":{"start":{"line":163,"column":0},"end":{"line":163,"column":5}},"163":{"start":{"line":164,"column":0},"end":{"line":164,"column":7}},"164":{"start":{"line":165,"column":0},"end":{"line":165,"column":1}},"165":{"start":{"line":166,"column":0},"end":{"line":166,"column":0}},"166":{"start":{"line":167,"column":0},"end":{"line":167,"column":85}},"167":{"start":{"line":168,"column":0},"end":{"line":168,"column":0}},"168":{"start":{"line":169,"column":0},"end":{"line":169,"column":67}}},"s":{"0":1,"1":1,"2":1,"3":1,"4":1,"5":1,"6":1,"7":1,"8":1,"9":1,"10":1,"11":1,"12":1,"13":1,"14":1,"15":1,"16":0,"17":0,"18":1,"19":0,"20":0,"21":1,"22":1,"23":1,"24":1,"25":0,"26":0,"27":0,"28":0,"29":0,"30":0,"31":0,"32":0,"33":0,"34":0,"35":0,"36":0,"37":0,"38":0,"39":0,"40":0,"41":0,"42":0,"43":0,"44":0,"45":0,"46":0,"47":0,"48":0,"49":0,"50":0,"51":0,"52":0,"53":0,"54":0,"55":0,"56":0,"57":0,"58":0,"59":0,"60":0,"61":1,"62":1,"63":1,"64":1,"65":1,"66":1,"67":1,"68":1,"69":1,"70":1,"71":1,"72":1,"73":1,"74":1,"75":1,"76":1,"77":1,"78":1,"79":1,"80":1,"81":1,"82":1,"83":1,"84":1,"85":1,"86":1,"87":1,"88":1,"89":1,"90":1,"91":1,"92":2,"93":2,"94":2,"95":2,"96":2,"97":2,"98":2,"99":1,"100":1,"101":1,"102":1,"103":1,"104":1,"105":1,"106":2,"107":2,"108":1,"109":1,"110":1,"111":1,"112":1,"113":4,"114":4,"115":1,"116":1,"117":5,"118":5,"119":1,"120":1,"121":0,"122":0,"123":0,"124":0,"125":0,"126":0,"127":0,"128":0,"129":0,"130":0,"131":0,"132":0,"133":0,"134":0,"135":1,"136":1,"137":1,"138":1,"139":4,"140":2,"141":2,"142":4,"143":1,"144":1,"145":5,"146":5,"147":5,"148":5,"149":5,"150":5,"151":1,"152":1,"153":3,"154":3,"155":3,"156":4,"157":4,"158":4,"159":4,"160":0,"161":4,"162":4,"163":3,"164":3,"165":1,"166":1,"167":1,"168":1},"branchMap":{"0":{"type":"branch","line":6,"loc":{"start":{"line":6,"column":28},"end":{"line":12,"column":1}},"locations":[{"start":{"line":6,"column":28},"end":{"line":12,"column":1}}]},"1":{"type":"branch","line":10,"loc":{"start":{"line":10,"column":20},"end":{"line":10,"column":36}},"locations":[{"start":{"line":10,"column":20},"end":{"line":10,"column":36}}]},"2":{"type":"branch","line":10,"loc":{"start":{"line":10,"column":36},"end":{"line":10,"column":54}},"locations":[{"start":{"line":10,"column":36},"end":{"line":10,"column":54}}]},"3":{"type":"branch","line":14,"loc":{"start":{"line":14,"column":24},"end":{"line":23,"column":1}},"locations":[{"start":{"line":14,"column":24},"end":{"line":23,"column":1}}]},"4":{"type":"branch","line":16,"loc":{"start":{"line":16,"column":35},"end":{"line":17,"column":12}},"locations":[{"start":{"line":16,"column":35},"end":{"line":17,"column":12}}]},"5":{"type":"branch","line":17,"loc":{"start":{"line":17,"column":4},"end":{"line":18,"column":40}},"locations":[{"start":{"line":17,"column":4},"end":{"line":18,"column":40}}]},"6":{"type":"branch","line":19,"loc":{"start":{"line":19,"column":4},"end":{"line":21,"column":3}},"locations":[{"start":{"line":19,"column":4},"end":{"line":21,"column":3}}]},"7":{"type":"branch","line":63,"loc":{"start":{"line":63,"column":31},"end":{"line":68,"column":1}},"locations":[{"start":{"line":63,"column":31},"end":{"line":68,"column":1}}]},"8":{"type":"branch","line":70,"loc":{"start":{"line":70,"column":36},"end":{"line":80,"column":1}},"locations":[{"start":{"line":70,"column":36},"end":{"line":80,"column":1}}]},"9":{"type":"branch","line":82,"loc":{"start":{"line":82,"column":36},"end":{"line":90,"column":1}},"locations":[{"start":{"line":82,"column":36},"end":{"line":90,"column":1}}]},"10":{"type":"branch","line":92,"loc":{"start":{"line":92,"column":33},"end":{"line":99,"column":1}},"locations":[{"start":{"line":92,"column":33},"end":{"line":99,"column":1}}]},"11":{"type":"branch","line":106,"loc":{"start":{"line":106,"column":31},"end":{"line":108,"column":1}},"locations":[{"start":{"line":106,"column":31},"end":{"line":108,"column":1}}]},"12":{"type":"branch","line":113,"loc":{"start":{"line":113,"column":25},"end":{"line":115,"column":1}},"locations":[{"start":{"line":113,"column":25},"end":{"line":115,"column":1}}]},"13":{"type":"branch","line":114,"loc":{"start":{"line":114,"column":100},"end":{"line":114,"column":121}},"locations":[{"start":{"line":114,"column":100},"end":{"line":114,"column":121}}]},"14":{"type":"branch","line":117,"loc":{"start":{"line":117,"column":7},"end":{"line":119,"column":1}},"locations":[{"start":{"line":117,"column":7},"end":{"line":119,"column":1}}]},"15":{"type":"branch","line":118,"loc":{"start":{"line":118,"column":26},"end":{"line":118,"column":62}},"locations":[{"start":{"line":118,"column":26},"end":{"line":118,"column":62}}]},"16":{"type":"branch","line":118,"loc":{"start":{"line":118,"column":57},"end":{"line":118,"column":75}},"locations":[{"start":{"line":118,"column":57},"end":{"line":118,"column":75}}]},"17":{"type":"branch","line":118,"loc":{"start":{"line":118,"column":70},"end":{"line":118,"column":90}},"locations":[{"start":{"line":118,"column":70},"end":{"line":118,"column":90}}]},"18":{"type":"branch","line":137,"loc":{"start":{"line":137,"column":31},"end":{"line":137,"column":93}},"locations":[{"start":{"line":137,"column":31},"end":{"line":137,"column":93}}]},"19":{"type":"branch","line":137,"loc":{"start":{"line":137,"column":65},"end":{"line":137,"column":93}},"locations":[{"start":{"line":137,"column":65},"end":{"line":137,"column":93}}]},"20":{"type":"branch","line":139,"loc":{"start":{"line":139,"column":36},"end":{"line":143,"column":1}},"locations":[{"start":{"line":139,"column":36},"end":{"line":143,"column":1}}]},"21":{"type":"branch","line":140,"loc":{"start":{"line":140,"column":31},"end":{"line":141,"column":25}},"locations":[{"start":{"line":140,"column":31},"end":{"line":141,"column":25}}]},"22":{"type":"branch","line":141,"loc":{"start":{"line":141,"column":24},"end":{"line":142,"column":55}},"locations":[{"start":{"line":141,"column":24},"end":{"line":142,"column":55}}]},"23":{"type":"branch","line":145,"loc":{"start":{"line":145,"column":33},"end":{"line":151,"column":1}},"locations":[{"start":{"line":145,"column":33},"end":{"line":151,"column":1}}]},"24":{"type":"branch","line":153,"loc":{"start":{"line":153,"column":30},"end":{"line":165,"column":1}},"locations":[{"start":{"line":153,"column":30},"end":{"line":165,"column":1}}]},"25":{"type":"branch","line":156,"loc":{"start":{"line":156,"column":60},"end":{"line":156,"column":73}},"locations":[{"start":{"line":156,"column":60},"end":{"line":156,"column":73}}]},"26":{"type":"branch","line":156,"loc":{"start":{"line":156,"column":80},"end":{"line":164,"column":5}},"locations":[{"start":{"line":156,"column":80},"end":{"line":164,"column":5}}]},"27":{"type":"branch","line":160,"loc":{"start":{"line":160,"column":7},"end":{"line":161,"column":11}},"locations":[{"start":{"line":160,"column":7},"end":{"line":161,"column":11}}]}},"b":{"0":[1],"1":[0],"2":[0],"3":[1],"4":[0],"5":[0],"6":[0],"7":[1],"8":[1],"9":[1],"10":[2],"11":[2],"12":[4],"13":[4],"14":[5],"15":[4],"16":[4],"17":[2],"18":[3],"19":[2],"20":[4],"21":[2],"22":[2],"23":[5],"24":[3],"25":[1],"26":[4],"27":[0]},"fnMap":{"0":{"name":"mergeOptions","decl":{"start":{"line":6,"column":28},"end":{"line":12,"column":1}},"loc":{"start":{"line":6,"column":28},"end":{"line":12,"column":1}},"line":6},"1":{"name":"fitValue","decl":{"start":{"line":14,"column":24},"end":{"line":23,"column":1}},"loc":{"start":{"line":14,"column":24},"end":{"line":23,"column":1}},"line":14},"2":{"name":"computePosition","decl":{"start":{"line":25,"column":31},"end":{"line":61,"column":1}},"loc":{"start":{"line":25,"column":31},"end":{"line":61,"column":1}},"line":25},"3":{"name":"createAtElement","decl":{"start":{"line":63,"column":31},"end":{"line":68,"column":1}},"loc":{"start":{"line":63,"column":31},"end":{"line":68,"column":1}},"line":63},"4":{"name":"createMentionElement","decl":{"start":{"line":70,"column":36},"end":{"line":80,"column":1}},"loc":{"start":{"line":70,"column":36},"end":{"line":80,"column":1}},"line":70},"5":{"name":"insertNodeAfterRange","decl":{"start":{"line":82,"column":36},"end":{"line":90,"column":1}},"loc":{"start":{"line":82,"column":36},"end":{"line":90,"column":1}},"line":82},"6":{"name":"setRangeAfterNode","decl":{"start":{"line":92,"column":33},"end":{"line":99,"column":1}},"loc":{"start":{"line":92,"column":33},"end":{"line":99,"column":1}},"line":92},"7":{"name":"isNodeAfterNode","decl":{"start":{"line":106,"column":31},"end":{"line":108,"column":1}},"loc":{"start":{"line":106,"column":31},"end":{"line":108,"column":1}},"line":106},"8":{"name":"isMention","decl":{"start":{"line":113,"column":25},"end":{"line":115,"column":1}},"loc":{"start":{"line":113,"column":25},"end":{"line":115,"column":1}},"line":113},"9":{"name":"integerValidator","decl":{"start":{"line":117,"column":7},"end":{"line":119,"column":1}},"loc":{"start":{"line":117,"column":7},"end":{"line":119,"column":1}},"line":117},"10":{"name":"valueFormatter","decl":{"start":{"line":121,"column":30},"end":{"line":135,"column":1}},"loc":{"start":{"line":121,"column":30},"end":{"line":135,"column":1}},"line":121},"11":{"name":"isEmptyTextNode","decl":{"start":{"line":137,"column":31},"end":{"line":137,"column":93}},"loc":{"start":{"line":137,"column":31},"end":{"line":137,"column":93}},"line":137},"12":{"name":"computeMentionLength","decl":{"start":{"line":139,"column":36},"end":{"line":143,"column":1}},"loc":{"start":{"line":139,"column":36},"end":{"line":143,"column":1}},"line":139},"13":{"name":"getMentionPattern","decl":{"start":{"line":145,"column":33},"end":{"line":151,"column":1}},"loc":{"start":{"line":145,"column":33},"end":{"line":151,"column":1}},"line":145},"14":{"name":"getValueLength","decl":{"start":{"line":153,"column":30},"end":{"line":165,"column":1}},"loc":{"start":{"line":153,"column":30},"end":{"line":165,"column":1}},"line":153},"15":{"name":"isEmptyArray","decl":{"start":{"line":167,"column":28},"end":{"line":167,"column":85}},"loc":{"start":{"line":167,"column":28},"end":{"line":167,"column":85}},"line":167},"16":{"name":"isFunction","decl":{"start":{"line":169,"column":26},"end":{"line":169,"column":67}},"loc":{"start":{"line":169,"column":26},"end":{"line":169,"column":67}},"line":169}},"f":{"0":1,"1":1,"2":0,"3":1,"4":1,"5":1,"6":2,"7":2,"8":4,"9":5,"10":0,"11":3,"12":4,"13":5,"14":3,"15":0,"16":0}}
}
